<?xml version="1.0" encoding="UTF-8"?>
<!-- Generated by org.testng.reporters.JUnitReportReporter -->
<testsuite hostname="LAPTOP-NTNOL46I" failures="0" tests="1" name="Runner.RunnerTestNG" time="0.291" errors="0" timestamp="2021-07-22T17:58:23 IST" skipped="0">
  <testcase classname="Runner.RunnerTestNG" name="runScenario" time="0.291"/>
  <system-out/>
</testsuite> <!-- Runner.RunnerTestNG -->
