<?xml version="1.0" encoding="UTF-8"?>
<!-- Generated by org.testng.reporters.JUnitReportReporter -->
<testsuite skipped="0" hostname="LAPTOP-NTNOL46I" name="Runner.RunnerTestNG" tests="1" failures="0" timestamp="2021-07-23T14:16:12 IST" time="11.114" errors="0">
  <testcase name="runScenario" time="11.114" classname="Runner.RunnerTestNG"/>
  <system-out/>
</testsuite> <!-- Runner.RunnerTestNG -->
